{"/sandbox/src/Roller.ts": {"path":"/sandbox/src/Roller.ts","statementMap":{"0":{"start":{"line":10,"column":8},"end":{"line":14,"column":null}},"1":{"start":{"line":11,"column":12},"end":{"line":11,"column":32}},"2":{"start":{"line":13,"column":12},"end":{"line":13,"column":28}},"3":{"start":{"line":15,"column":8},"end":{"line":15,"column":23}},"4":{"start":{"line":16,"column":8},"end":{"line":16,"column":55}},"5":{"start":{"line":17,"column":8},"end":{"line":19,"column":null}},"6":{"start":{"line":17,"column":21},"end":{"line":17,"column":22}},"7":{"start":{"line":18,"column":12},"end":{"line":18,"column":41}},"8":{"start":{"line":33,"column":8},"end":{"line":39,"column":null}},"9":{"start":{"line":34,"column":12},"end":{"line":34,"column":21}},"10":{"start":{"line":36,"column":12},"end":{"line":36,"column":31}},"11":{"start":{"line":37,"column":12},"end":{"line":37,"column":77}},"12":{"start":{"line":38,"column":12},"end":{"line":38,"column":25}},"13":{"start":{"line":45,"column":8},"end":{"line":45,"column":26}},"14":{"start":{"line":54,"column":8},"end":{"line":54,"column":59}},"15":{"start":{"line":1,"column":0},"end":{"line":1,"column":13}}},"fnMap":{"0":{"name":"(anonymous_0)","decl":{"start":{"line":9,"column":4},"end":{"line":9,"column":16}},"loc":{"start":{"line":9,"column":29},"end":{"line":20,"column":5}}},"1":{"name":"(anonymous_1)","decl":{"start":{"line":32,"column":4},"end":{"line":32,"column":8}},"loc":{"start":{"line":32,"column":22},"end":{"line":40,"column":5}}},"2":{"name":"(anonymous_2)","decl":{"start":{"line":44,"column":4},"end":{"line":44,"column":8}},"loc":{"start":{"line":44,"column":8},"end":{"line":46,"column":5}}},"3":{"name":"(anonymous_3)","decl":{"start":{"line":53,"column":4},"end":{"line":53,"column":16}},"loc":{"start":{"line":53,"column":16},"end":{"line":55,"column":5}}}},"branchMap":{"0":{"loc":{"start":{"line":10,"column":8},"end":{"line":14,"column":null}},"type":"if","locations":[{"start":{"line":10,"column":8},"end":{"line":14,"column":null}},{"start":{"line":12,"column":15},"end":{"line":14,"column":null}}]},"1":{"loc":{"start":{"line":33,"column":8},"end":{"line":39,"column":null}},"type":"if","locations":[{"start":{"line":33,"column":8},"end":{"line":39,"column":null}},{"start":{"line":35,"column":15},"end":{"line":39,"column":null}}]},"2":{"loc":{"start":{"line":33,"column":12},"end":{"line":33,"column":44}},"type":"binary-expr","locations":[{"start":{"line":33,"column":12},"end":{"line":33,"column":21}},{"start":{"line":33,"column":25},"end":{"line":33,"column":44}}]}},"s":{"0":6,"1":5,"2":1,"3":6,"4":6,"5":6,"6":6,"7":36,"8":5,"9":1,"10":4,"11":4,"12":4,"13":2,"14":10,"15":1},"f":{"0":6,"1":5,"2":2,"3":10},"b":{"0":[5,1],"1":[1,4],"2":[5,5]}}
}
